  MainMenu.cpp
C:\ass3_content\Board-Games-project\BoardGame_Classes.h(225,18): warning C4267: 'initializing': conversion from 'size_t' to 'int', possible loss of data
  (compiling source file '../MainMenu.cpp')
      C:\ass3_content\Board-Games-project\BoardGame_Classes.h(225,18):
      the template instantiation context (the oldest one first) is
          C:\ass3_content\Board-Games-project\XO_4x4_Classes.h(95,26):
          see reference to class template instantiation 'UI<char>' being compiled
          C:\ass3_content\Board-Games-project\BoardGame_Classes.h(222,10):
          while compiling class template member function 'void UI<char>::display_board_matrix(const std::vector<std::vector<T,std::allocator<char>>,std::allocator<std::vector<T,std::allocator<char>>>> &) const'
          with
          [
              T=char
          ]
              C:\ass3_content\Board-Games-project\BoardGame_Classes.h(271,33):
              see the first reference to 'UI<char>::display_board_matrix' in 'GameManager<char>::run'
              C:\ass3_content\Board-Games-project\MainMenu.cpp(57,21):
              see the first reference to 'GameManager<char>::run' in 'play_4x4_tictactoe'
  
C:\ass3_content\Board-Games-project\BoardGame_Classes.h(226,18): warning C4267: 'initializing': conversion from 'size_t' to 'int', possible loss of data
  (compiling source file '../MainMenu.cpp')
  
  NumericalTicTacToe.cpp
  XO_4x4_Classes.cpp
  XO_Classes.cpp
  Generating Code...
  Project1.vcxproj -> C:\ass3_content\Board-Games-project\Project1\x64\Debug\Project1.exe
